Vivado Simulator v2022.1
Copyright 1986-1999, 2001-2022 Xilinx, Inc. All Rights Reserved.
Running: F:/Xilinx/Vivado/2022.1/bin/unwrapped/win64.o/xelab.exe --incr --debug typical --relax --mt 2 -L xil_defaultlib -L xbip_utils_v3_0_10 -L axi_utils_v2_0_6 -L xbip_pipe_v3_0_6 -L xbip_dsp48_wrapper_v3_0_4 -L xbip_dsp48_addsub_v3_0_6 -L xbip_bram18k_v3_0_6 -L mult_gen_v12_0_18 -L floating_point_v7_0_20 -L xbip_dsp48_mult_v3_0_6 -L xbip_dsp48_multadd_v3_0_6 -L div_gen_v5_1_19 -L axis_infrastructure_v1_1_0 -L axis_data_fifo_v2_0_8 -L xilinx_vip -L unisims_ver -L unimacro_ver -L secureip -L xpm --snapshot CNN_Module_tb_behav xil_defaultlib.CNN_Module_tb xil_defaultlib.glbl -log elaborate.log 
Using 2 slave threads.
Starting static elaboration
Pass Through NonSizing Optimizer
WARNING: [VRFC 10-3091] actual bit length 1 differs from formal bit length 256 for port 'M_AXIS_tdata' [E:/Accelerator/CNN_Accelerator/CNN_Accelerator_Vivado_project/Accelerator.srcs/sim_1/new/CNN_Module_tb.v:160]
WARNING: [VRFC 10-3091] actual bit length 5 differs from formal bit length 8 for port 'select_mode' [E:/Accelerator/CNN_Accelerator/CNN_Accelerator_Vivado_project/Accelerator.srcs/sources_1/new/CNN_Control.v:143]
Completed static elaboration
Starting simulation data flow analysis
Completed simulation data flow analysis
Time Resolution for simulation is 1ps
Compiling package std.standard
Compiling package std.textio
Compiling package ieee.std_logic_1164
Compiling package ieee.numeric_std
Compiling package xbip_utils_v3_0_10.xbip_utils_v3_0_10_pkg
Compiling package div_gen_v5_1_19.div_gen_v5_1_19_viv_comp
Compiling package xbip_pipe_v3_0_6.xbip_pipe_v3_0_6_viv_comp
Compiling package axi_utils_v2_0_6.axi_utils_v2_0_6_pkg
Compiling package ieee.math_real
Compiling package axi_utils_v2_0_6.global_util_pkg
Compiling package axi_utils_v2_0_6.axi_utils_comps
Compiling package ieee.std_logic_arith
Compiling package ieee.std_logic_unsigned
Compiling package xbip_bram18k_v3_0_6.xbip_bram18k_v3_0_6_pkg
Compiling package div_gen_v5_1_19.div_gen_pkg
Compiling package ieee.std_logic_signed
Compiling package unisim.vcomponents
Compiling package div_gen_v5_1_19.pkg_addsub
Compiling module xil_defaultlib.CNN_Control_v1_0_S00_AXI(CONV_KE...
Compiling module xil_defaultlib.Conv_PE(DATA_WIDTH=8)
Compiling module xil_defaultlib.Conv_SystolicArray(CONV_KERNEL_S...
Compiling module xil_defaultlib.Conv_Array_Control(PARA_WIDTH=8,...
Compiling module xil_defaultlib.Relu
Compiling module xil_defaultlib.Relu_Array_Control(Relu_Num=8)
Compiling module xil_defaultlib.Pool_PE
Compiling module xil_defaultlib.Pooling_SystolicArray(DATA_WIDTH...
Compiling module xil_defaultlib.Pooling_Array_Control(POOL_KERNE...
Compiling module xil_defaultlib.FullCon_PE
Compiling module xil_defaultlib.FullCon_PE_Control(DATA_WIDTH=8,...
Compiling module xil_defaultlib.CNN_Accelerator(RESULT_NUM=8,CON...
Compiling module xil_defaultlib.CNN_Control(RESULT_NUM=8,CONV_KE...
Compiling module xil_defaultlib.CNN_Module_CNN_Control_1_0
Compiling module axis_infrastructure_v1_1_0.axis_infrastructure_v1_1_0_util_...
Compiling module axis_infrastructure_v1_1_0.axis_infrastructure_v1_1_0_util_...
Compiling module axis_infrastructure_v1_1_0.axis_infrastructure_v1_1_0_util_...
Compiling module xpm.xpm_cdc_sync_rst(INIT=0,INIT_SYN...
Compiling module xpm.xpm_fifo_rst(CDC_DEST_SYNC_FF=3)
Compiling module xpm.xpm_fifo_reg_bit
Compiling module xpm.xpm_counter_updn(COUNTER_WIDTH=1...
Compiling module xpm.xpm_counter_updn(COUNTER_WIDTH=1...
Compiling module xpm.xpm_memory_base(MEMORY_TYPE=1,ME...
Compiling module xpm.xpm_counter_updn(COUNTER_WIDTH=2...
Compiling module xpm.xpm_fifo_base(FIFO_WRITE_DEPTH=1...
Compiling module xpm.xpm_fifo_axis(FIFO_DEPTH=1024,TD...
Compiling module axis_data_fifo_v2_0_8.axis_data_fifo_v2_0_8_top(C_FAMI...
Compiling module xil_defaultlib.CNN_Module_INACT_DATA_FIFO_0
Compiling module axis_infrastructure_v1_1_0.axis_infrastructure_v1_1_0_util_...
Compiling module axis_infrastructure_v1_1_0.axis_infrastructure_v1_1_0_util_...
Compiling module axis_infrastructure_v1_1_0.axis_infrastructure_v1_1_0_util_...
Compiling module xpm.xpm_memory_base(MEMORY_TYPE=1,ME...
Compiling module xpm.xpm_fifo_base(FIFO_WRITE_DEPTH=1...
Compiling module xpm.xpm_fifo_axis(FIFO_DEPTH=1024,TD...
Compiling module axis_data_fifo_v2_0_8.axis_data_fifo_v2_0_8_top(C_FAMI...
Compiling module xil_defaultlib.CNN_Module_PICTURE_DATA_FIFO_0
Compiling module axis_infrastructure_v1_1_0.axis_infrastructure_v1_1_0_util_...
Compiling module axis_infrastructure_v1_1_0.axis_infrastructure_v1_1_0_util_...
Compiling module axis_infrastructure_v1_1_0.axis_infrastructure_v1_1_0_util_...
Compiling module xpm.xpm_counter_updn(COUNTER_WIDTH=1...
Compiling module xpm.xpm_memory_base(MEMORY_TYPE=1,ME...
Compiling module xpm.xpm_fifo_base(WRITE_DATA_WIDTH=3...
Compiling module xpm.xpm_fifo_axis(TDATA_WIDTH=256,US...
Compiling module axis_data_fifo_v2_0_8.axis_data_fifo_v2_0_8_top(C_FAMI...
Compiling module xil_defaultlib.CNN_Module_RESULT_DATA_FIFO1_0
Compiling module axis_infrastructure_v1_1_0.axis_infrastructure_v1_1_0_util_...
Compiling module axis_infrastructure_v1_1_0.axis_infrastructure_v1_1_0_util_...
Compiling module axis_infrastructure_v1_1_0.axis_infrastructure_v1_1_0_util_...
Compiling module xpm.xpm_counter_updn(COUNTER_WIDTH=9...
Compiling module xpm.xpm_memory_base(MEMORY_TYPE=1,ME...
Compiling module xpm.xpm_fifo_base(FIFO_WRITE_DEPTH=5...
Compiling module xpm.xpm_fifo_axis(FIFO_DEPTH=512,TDA...
Compiling module axis_data_fifo_v2_0_8.axis_data_fifo_v2_0_8_top(C_FAMI...
Compiling module xil_defaultlib.CNN_Module_WEIGHT_CONV_ACT_FULLC...
Compiling module xil_defaultlib.CNN_Module_WEIGHT_FULLCON_FIFO_0
Compiling module xil_defaultlib.Windows_Data_Convert_v1_0_S01_AX...
Compiling architecture synth of entity div_gen_v5_1_19.c_twos_comp_viv [\c_twos_comp_viv(c_width=8,c_ain...]
Compiling architecture virtex of entity div_gen_v5_1_19.cmp2s_v [\cmp2s_v(c_registered=1)(1,0)(1,...]
Compiling architecture synth of entity div_gen_v5_1_19.c_twos_comp_viv [\c_twos_comp_viv(c_width=8,c_ain...]
Compiling architecture virtex of entity div_gen_v5_1_19.cmp2s_v [\cmp2s_v(c_ainit_val="00000001",...]
Compiling architecture synth of entity xbip_pipe_v3_0_6.xbip_pipe_v3_0_6_viv [\xbip_pipe_v3_0_6_viv(c_latency=...]
Compiling architecture synth of entity xbip_pipe_v3_0_6.xbip_pipe_v3_0_6_viv [\xbip_pipe_v3_0_6_viv(c_width=8)...]
Compiling architecture synth of entity xbip_pipe_v3_0_6.xbip_pipe_v3_0_6_viv [\xbip_pipe_v3_0_6_viv(c_sinit_va...]
Compiling architecture synth of entity xbip_pipe_v3_0_6.xbip_pipe_v3_0_6_viv [\xbip_pipe_v3_0_6_viv(c_latency=...]
Compiling architecture synth of entity xbip_pipe_v3_0_6.xbip_pipe_v3_0_6_viv [\xbip_pipe_v3_0_6_viv(c_latency=...]
Compiling architecture muxcy_v of entity unisim.MUXCY [muxcy_default]
Compiling architecture xorcy_v of entity unisim.XORCY [xorcy_default]
Compiling architecture rtl of entity div_gen_v5_1_19.c_addsub_lut6 [\c_addsub_lut6(c_width=9,c_add_m...]
Compiling architecture synth of entity div_gen_v5_1_19.c_addsub_viv [\c_addsub_viv(c_a_width=9,c_b_wi...]
Compiling architecture virtex of entity div_gen_v5_1_19.addsubreg_v [\addsubreg_v(c_bus_width=9,c_ain...]
Compiling architecture synth of entity xbip_pipe_v3_0_6.xbip_pipe_v3_0_6_viv [\xbip_pipe_v3_0_6_viv(c_width=7)...]
Compiling architecture synth of entity xbip_pipe_v3_0_6.xbip_pipe_v3_0_6_viv [\xbip_pipe_v3_0_6_viv(c_sinit_va...]
Compiling architecture synth of entity xbip_pipe_v3_0_6.xbip_pipe_v3_0_6_viv [\xbip_pipe_v3_0_6_viv(c_width=6)...]
Compiling architecture synth of entity xbip_pipe_v3_0_6.xbip_pipe_v3_0_6_viv [\xbip_pipe_v3_0_6_viv(c_sinit_va...]
Compiling architecture synth of entity xbip_pipe_v3_0_6.xbip_pipe_v3_0_6_viv [\xbip_pipe_v3_0_6_viv(c_width=5)...]
Compiling architecture synth of entity xbip_pipe_v3_0_6.xbip_pipe_v3_0_6_viv [\xbip_pipe_v3_0_6_viv(c_sinit_va...]
Compiling architecture synth of entity xbip_pipe_v3_0_6.xbip_pipe_v3_0_6_viv [\xbip_pipe_v3_0_6_viv(c_width=4)...]
Compiling architecture synth of entity xbip_pipe_v3_0_6.xbip_pipe_v3_0_6_viv [\xbip_pipe_v3_0_6_viv(c_sinit_va...]
Compiling architecture synth of entity xbip_pipe_v3_0_6.xbip_pipe_v3_0_6_viv [\xbip_pipe_v3_0_6_viv(c_width=3)...]
Compiling architecture synth of entity xbip_pipe_v3_0_6.xbip_pipe_v3_0_6_viv [\xbip_pipe_v3_0_6_viv(c_sinit_va...]
Compiling architecture synth of entity xbip_pipe_v3_0_6.xbip_pipe_v3_0_6_viv [\xbip_pipe_v3_0_6_viv(c_width=2)...]
Compiling architecture synth of entity xbip_pipe_v3_0_6.xbip_pipe_v3_0_6_viv [\xbip_pipe_v3_0_6_viv(c_sinit_va...]
Compiling architecture synth of entity xbip_pipe_v3_0_6.xbip_pipe_v3_0_6_viv [\xbip_pipe_v3_0_6_viv(1,1)(1,1)\]
Compiling architecture synth of entity xbip_pipe_v3_0_6.xbip_pipe_v3_0_6_viv [\xbip_pipe_v3_0_6_viv(c_sinit_va...]
Compiling architecture synth of entity xbip_pipe_v3_0_6.xbip_pipe_v3_0_6_viv [\xbip_pipe_v3_0_6_viv(c_latency=...]
Compiling architecture rtl of entity div_gen_v5_1_19.c_addsub_lut6 [\c_addsub_lut6(c_width=9,c_add_m...]
Compiling architecture synth of entity div_gen_v5_1_19.c_addsub_viv [\c_addsub_viv(c_a_width=9,c_b_wi...]
Compiling architecture virtex of entity div_gen_v5_1_19.addsubreg_v [\addsubreg_v(c_bus_width=9,c_has...]
Compiling architecture virtex of entity div_gen_v5_1_19.dividervdc_v [\dividervdc_v(bus_num=8,bus_div=...]
Compiling architecture synth of entity div_gen_v5_1_19.c_twos_comp_viv [\c_twos_comp_viv(c_width=9,c_ain...]
Compiling architecture virtex of entity div_gen_v5_1_19.cmp2s_v [\cmp2s_v(c_bus_width=9)(1,0)(1,0...]
Compiling architecture synth of entity div_gen_v5_1_19.bip_sdivider_synth [\bip_sdivider_synth(c_xdevicefam...]
Compiling architecture synth of entity div_gen_v5_1_19.div_gen_synth [\div_gen_synth(c_xdevicefamily="...]
Compiling architecture synth of entity xbip_pipe_v3_0_6.xbip_pipe_v3_0_6_viv [\xbip_pipe_v3_0_6_viv(c_latency=...]
Compiling architecture synth of entity div_gen_v5_1_19.div_gen_v5_1_19_viv [\div_gen_v5_1_19_viv(c_xdevicefa...]
Compiling architecture xilinx of entity div_gen_v5_1_19.div_gen_v5_1_19 [\div_gen_v5_1_19(c_xdevicefamily...]
Compiling architecture div_gen_0_arch of entity xil_defaultlib.div_gen_0 [div_gen_0_default]
Compiling module xil_defaultlib.windows(KERNEL_SIZE=5)
Compiling module xil_defaultlib.Windows_Data_Convert_v1_0_S00_AX...
Compiling module xil_defaultlib.Windows_Data_Convert_v1_0_M00_AX...
Compiling module xil_defaultlib.Windows_Data_Convert_v1_0(KERNEL...
Compiling module xil_defaultlib.CNN_Module_Windows_Data_Convert_...
Compiling module xil_defaultlib.CNN_Module
Compiling module xil_defaultlib.CNN_Module_wrapper
Compiling module xil_defaultlib.CNN_Module_tb
WARNING: [XSIM 43-3373] "E:/Accelerator/CNN_Accelerator/CNN_Accelerator_Vivado_project/Accelerator.srcs/sim_1/new/CNN_Module_tb.v" Line 273. System function $fscanf is used as system task. This system function should have a LHS e.g. x=$fscanf().
WARNING: [XSIM 43-3373] "E:/Accelerator/CNN_Accelerator/CNN_Accelerator_Vivado_project/Accelerator.srcs/sim_1/new/CNN_Module_tb.v" Line 316. System function $fscanf is used as system task. This system function should have a LHS e.g. x=$fscanf().
WARNING: [XSIM 43-3373] "E:/Accelerator/CNN_Accelerator/CNN_Accelerator_Vivado_project/Accelerator.srcs/sim_1/new/CNN_Module_tb.v" Line 357. System function $fscanf is used as system task. This system function should have a LHS e.g. x=$fscanf().
Compiling module xil_defaultlib.glbl
Built simulation snapshot CNN_Module_tb_behav
