Copyright 1986-2022 Xilinx, Inc. All Rights Reserved.
------------------------------------------------------------------------------------
| Tool Version : Vivado v.2022.1 (win64) Build 3526262 Mon Apr 18 15:48:16 MDT 2022
| Date         : Mon Mar 25 17:59:04 2024
| Host         : DESKTOP-JO2RAF5 running 64-bit major release  (build 9200)
| Command      : upgrade_ip
| Device       : xc7z020clg400-1
------------------------------------------------------------------------------------

Upgrade Log for IP 'Accelerator_block_design_CNN_Control_0_2'

1. Summary
----------

SUCCESS in the upgrade of Accelerator_block_design_CNN_Control_0_2 (xilinx.com:user:CNN_Control:2.0) from (Rev. 5) to (Rev. 6)






Copyright 1986-2022 Xilinx, Inc. All Rights Reserved.
------------------------------------------------------------------------------------
| Tool Version : Vivado v.2022.1 (win64) Build 3526262 Mon Apr 18 15:48:16 MDT 2022
| Date         : Mon Mar 25 17:46:13 2024
| Host         : DESKTOP-JO2RAF5 running 64-bit major release  (build 9200)
| Command      : upgrade_ip
| Device       : xc7z020clg400-1
------------------------------------------------------------------------------------

Upgrade Log for IP 'Accelerator_block_design_CNN_Control_0_2'

1. Summary
----------

SUCCESS in the upgrade of Accelerator_block_design_CNN_Control_0_2 (xilinx.com:user:CNN_Control:2.0) from (Rev. 4) to (Rev. 5)






Copyright 1986-2022 Xilinx, Inc. All Rights Reserved.
------------------------------------------------------------------------------------
| Tool Version : Vivado v.2022.1 (win64) Build 3526262 Mon Apr 18 15:48:16 MDT 2022
| Date         : Mon Mar 25 17:19:55 2024
| Host         : DESKTOP-JO2RAF5 running 64-bit major release  (build 9200)
| Command      : upgrade_ip
| Device       : xc7z020clg400-1
------------------------------------------------------------------------------------

Upgrade Log for IP 'Accelerator_block_design_CNN_Control_0_2'

1. Summary
----------

SUCCESS in the upgrade of Accelerator_block_design_CNN_Control_0_2 (xilinx.com:user:CNN_Control:2.0) from (Rev. 3) to (Rev. 4)






Copyright 1986-2022 Xilinx, Inc. All Rights Reserved.
------------------------------------------------------------------------------------
| Tool Version : Vivado v.2022.1 (win64) Build 3526262 Mon Apr 18 15:48:16 MDT 2022
| Date         : Mon Mar 25 17:16:18 2024
| Host         : DESKTOP-JO2RAF5 running 64-bit major release  (build 9200)
| Command      : upgrade_ip
| Device       : xc7z020clg400-1
------------------------------------------------------------------------------------

Upgrade Log for IP 'Accelerator_block_design_CNN_Control_0_2'

1. Summary
----------

SUCCESS in the upgrade of Accelerator_block_design_CNN_Control_0_2 (xilinx.com:user:CNN_Control:2.0) from (Rev. 2) to (Rev. 3)






Copyright 1986-2022 Xilinx, Inc. All Rights Reserved.
------------------------------------------------------------------------------------
| Tool Version : Vivado v.2022.1 (win64) Build 3526262 Mon Apr 18 15:48:16 MDT 2022
| Date         : Mon Mar 25 16:58:44 2024
| Host         : DESKTOP-JO2RAF5 running 64-bit major release  (build 9200)
| Command      : upgrade_ip
| Device       : xc7z020clg400-1
------------------------------------------------------------------------------------

Upgrade Log for IP 'Accelerator_block_design_CNN_Control_0_2'

1. Summary
----------

SUCCESS in the upgrade of Accelerator_block_design_CNN_Control_0_2 (xilinx.com:user:CNN_Control:2.0) from (Rev. 1) to (Rev. 2)






Copyright 1986-2022 Xilinx, Inc. All Rights Reserved.
------------------------------------------------------------------------------------
| Tool Version : Vivado v.2022.1 (win64) Build 3526262 Mon Apr 18 15:48:16 MDT 2022
| Date         : Mon Mar 25 16:50:37 2024
| Host         : DESKTOP-JO2RAF5 running 64-bit major release  (build 9200)
| Command      : upgrade_ip
| Device       : xc7z020clg400-1
------------------------------------------------------------------------------------

Upgrade Log for IP 'Accelerator_block_design_CNN_Control_0_2'

1. Summary
----------

SUCCESS in the upgrade of Accelerator_block_design_CNN_Control_0_2 from xilinx.com:user:CNN_Control:1.0 (Rev. 4) to xilinx.com:user:CNN_Control:2.0 (Rev. 1)






Copyright 1986-2022 Xilinx, Inc. All Rights Reserved.
------------------------------------------------------------------------------------
| Tool Version : Vivado v.2022.1 (win64) Build 3526262 Mon Apr 18 15:48:16 MDT 2022
| Date         : Wed Mar 20 17:13:06 2024
| Host         : DESKTOP-JO2RAF5 running 64-bit major release  (build 9200)
| Command      : upgrade_ip
| Device       : xc7z020clg400-1
------------------------------------------------------------------------------------

Upgrade Log for IP 'Accelerator_block_design_CNN_Control_0_2'

1. Summary
----------

SUCCESS in the upgrade of Accelerator_block_design_CNN_Control_0_2 (xilinx.com:user:CNN_Control:1.0) from (Rev. 3) to (Rev. 4)

